0.214728 0.878206 2.631211 0.994667
0.005208 0.021277 -1.785989 0.044812
0.278139 0.571303 0.248096 0.581580
0.095472 0.108569 -1.437542 0.089024
0.093750 0.744681 1.156329 0.856868
0.104601 0.167299 -1.221012 0.129117
0.000000 -100.000000 -5.000000 0.000000
0.010388 0.018550 -1.797594 0.043716
0.061487 0.228636 -1.003667 0.179925
0.005208 0.021277 -1.785989 0.044812
0.000000 -100.000000 -5.000000 0.000000
0.005208 0.021277 -1.785989 0.044812
0.051461 0.142955 -1.309500 0.111474
0.005208 0.021277 -1.785989 0.044812
0.115972 0.371257 -0.508648 0.329694
0.031033 0.057283 -1.637326 0.060871
0.020833 0.148936 -1.287611 0.115674
0.005208 0.021277 -1.785989 0.044812
0.050926 0.042553 -1.697174 0.053940
0.066696 0.219089 -1.037095 0.171430
0.352141 0.595308 0.352175 0.617119
0.287066 0.643310 0.575693 0.692631
0.051403 0.154925 -1.265794 0.119968
0.259433 0.580543 0.287637 0.595052
0.005208 0.021277 -1.785989 0.044812
0.005208 0.021277 -1.785989 0.044812
0.046759 0.284285 -0.810453 0.233545
0.000000 -100.000000 -5.000000 0.000000
0.031062 0.100972 -1.466403 0.084454
0.005208 0.021277 -1.785989 0.044812
0.000000 -100.000000 -5.000000 0.000000
0.025969 0.095359 -1.487876 0.081167
0.005208 0.021277 -1.785989 0.044812
0.000000 -100.000000 -5.000000 0.000000
0.142535 0.189883 -1.140194 0.146775
0.005208 0.021277 -1.785989 0.044812
0.015625 0.106383 -1.445824 0.087695
0.288484 0.782582 1.440375 0.911432
0.020790 0.083196 -1.534868 0.074306
0.015567 0.046112 -1.682597 0.055568
0.076736 0.205738 -1.084054 0.159908
0.015567 0.046112 -1.682597 0.055568
0.066348 0.168236 -1.217637 0.129825
0.066551 0.257354 -0.903695 0.206742
0.010402 0.019915 -1.791778 0.044263
0.081626 0.256036 -0.908268 0.205470
0.062052 0.278511 -0.830420 0.227668
0.036372 0.201747 -1.098144 0.156545
0.015567 0.046112 -1.682597 0.055568
0.129485 0.387234 -0.452474 0.348665
0.000000 -100.000000 -5.000000 0.000000
0.000000 -100.000000 -5.000000 0.000000
0.081453 0.297986 -0.763094 0.247765
0.060909 0.075757 -1.563940 0.070286
0.000000 -100.000000 -5.000000 0.000000
0.153096 0.355791 -0.562706 0.311662
0.010417 0.063830 -1.611116 0.064115
0.000000 -100.000000 -5.000000 0.000000
0.086314 0.299006 -0.759569 0.248839
0.157147 0.803962 1.628943 0.938106
