0.654432 0.258194 -1.116907 0.152137
0.545623 0.376404 0.902636 0.792963
0.598054 0.317823 0.055221 0.517512
0.549772 0.282423 -0.570172 0.309192
0.505967 0.333836 0.163291 0.552978
0.682849 0.354758 0.600121 0.700656
0.442845 0.145596 -2.660391 0.004896
0.629258 0.342353 0.442198 0.647845
0.671829 0.315408 -0.114090 0.463338
0.522414 0.310688 -0.116733 0.462468
0.588935 0.328936 0.235336 0.577247
0.649306 0.403891 1.462371 0.914918
0.697825 0.274087 -0.942904 0.195978
0.624616 0.308795 -0.154535 0.449943
0.697661 0.363120 0.743378 0.746204
0.439565 0.359860 0.518593 0.673642
0.596656 0.345346 0.497458 0.666543
0.543723 0.367377 0.765387 0.752932
0.398940 0.258674 -0.786499 0.240689
0.748830 0.320217 0.090683 0.528994
0.487290 0.269007 -0.812634 0.232899
0.525576 0.362739 0.694533 0.730997
0.687811 0.259136 -1.236704 0.125859
0.518750 0.309237 -0.139784 0.454848
0.732904 0.288994 -0.640946 0.286083
0.634686 0.309984 -0.132858 0.457144
0.578801 0.365588 0.814682 0.767706
0.624552 0.336546 0.341116 0.613335
0.559211 0.380459 0.964011 0.809686
0.483452 0.199390 -1.793985 0.044055
0.675804 0.261190 -1.194124 0.134828
0.727083 0.380113 1.125276 0.849804
0.683406 0.343869 0.409053 0.636558
0.623447 0.265977 -0.963571 0.190431
0.616246 0.286460 -0.569482 0.309420
0.239739 0.324028 0.165404 0.553684
0.567781 0.394183 1.170468 0.860012
0.704879 0.292168 -0.577150 0.306889
0.532968 0.312361 -0.090186 0.471168
0.497999 0.206754 -1.799933 0.043498
0.560380 0.349163 0.485813 0.662618
0.438414 0.310862 -0.149028 0.451777
0.369170 0.257008 -0.810539 0.233519
0.191493 0.363901 0.501817 0.668010
0.605702 0.425378 1.714783 0.947977
0.372615 0.231995 -1.180930 0.137690
0.677540 0.408582 1.470312 0.916152
0.696080 0.301050 -0.390421 0.369803
0.641877 0.342023 0.436478 0.645900
0.505245 0.362713 0.582231 0.694785
0.660252 0.255604 -1.310122 0.111356
0.556771 0.301634 -0.260963 0.414043
0.455985 0.388744 0.898136 0.791707
0.708808 0.416161 1.789103 0.955484
0.659759 0.371681 0.886928 0.788562
0.354651 0.467062 1.618324 0.936790
0.611340 0.303355 -0.182515 0.440584
0.582337 0.309764 -0.076744 0.475539
0.675055 0.419800 1.636685 0.939051
0.709823 0.356047 0.671476 0.723696
